<?xml version="1.0" encoding="UTF-8"?>
<coverage generated="1659332885000" clover="3.2.0">
  <project timestamp="1659332885000" name="All files">
    <metrics statements="47" coveredstatements="47" conditionals="8" coveredconditionals="8" methods="12" coveredmethods="12" elements="67" coveredelements="67" complexity="0" loc="47" ncloc="47" packages="2" files="7" classes="7"/>
    <package name="domain">
      <metrics statements="31" coveredstatements="31" conditionals="5" coveredconditionals="5" methods="9" coveredmethods="9"/>
      <file name="DailySchedule.ts" path="/home/wesleysantos/Área de Trabalho/scripts/cubos-challenge-clean-arch/src/domain/DailySchedule.ts">
        <metrics statements="12" coveredstatements="12" conditionals="3" coveredconditionals="3" methods="3" coveredmethods="3"/>
        <line num="4" count="1" type="stmt"/>
        <line num="6" count="1" type="stmt"/>
        <line num="7" count="2" type="stmt"/>
        <line num="8" count="2" type="cond" truecount="1" falsecount="0"/>
        <line num="12" count="1" type="stmt"/>
        <line num="13" count="1" type="stmt"/>
        <line num="14" count="1" type="stmt"/>
        <line num="15" count="1" type="stmt"/>
        <line num="16" count="1" type="stmt"/>
        <line num="17" count="2" type="stmt"/>
        <line num="19" count="4" type="stmt"/>
        <line num="22" count="1" type="stmt"/>
      </file>
      <file name="Interval.ts" path="/home/wesleysantos/Área de Trabalho/scripts/cubos-challenge-clean-arch/src/domain/Interval.ts">
        <metrics statements="5" coveredstatements="5" conditionals="1" coveredconditionals="1" methods="1" coveredmethods="1"/>
        <line num="1" count="3" type="stmt"/>
        <line num="4" count="3" type="stmt"/>
        <line num="7" count="5" type="stmt"/>
        <line num="8" count="5" type="stmt"/>
        <line num="9" count="5" type="cond" truecount="1" falsecount="0"/>
      </file>
      <file name="Period.ts" path="/home/wesleysantos/Área de Trabalho/scripts/cubos-challenge-clean-arch/src/domain/Period.ts">
        <metrics statements="5" coveredstatements="5" conditionals="1" coveredconditionals="1" methods="1" coveredmethods="1"/>
        <line num="1" count="2" type="stmt"/>
        <line num="4" count="2" type="stmt"/>
        <line num="7" count="4" type="stmt"/>
        <line num="8" count="4" type="stmt"/>
        <line num="9" count="4" type="cond" truecount="1" falsecount="0"/>
      </file>
      <file name="Schedule.ts" path="/home/wesleysantos/Área de Trabalho/scripts/cubos-challenge-clean-arch/src/domain/Schedule.ts">
        <metrics statements="1" coveredstatements="1" conditionals="0" coveredconditionals="0" methods="1" coveredmethods="1"/>
        <line num="5" count="1" type="stmt"/>
      </file>
      <file name="SingleDaySchedule.ts" path="/home/wesleysantos/Área de Trabalho/scripts/cubos-challenge-clean-arch/src/domain/SingleDaySchedule.ts">
        <metrics statements="8" coveredstatements="8" conditionals="0" coveredconditionals="0" methods="3" coveredmethods="3"/>
        <line num="3" count="1" type="stmt"/>
        <line num="5" count="1" type="stmt"/>
        <line num="6" count="1" type="stmt"/>
        <line num="9" count="1" type="stmt"/>
        <line num="10" count="1" type="stmt"/>
        <line num="14" count="1" type="stmt"/>
        <line num="15" count="1" type="stmt"/>
        <line num="18" count="1" type="stmt"/>
      </file>
    </package>
    <package name="utils">
      <metrics statements="16" coveredstatements="16" conditionals="3" coveredconditionals="3" methods="3" coveredmethods="3"/>
      <file name="Days.ts" path="/home/wesleysantos/Área de Trabalho/scripts/cubos-challenge-clean-arch/src/utils/Days.ts">
        <metrics statements="7" coveredstatements="7" conditionals="0" coveredconditionals="0" methods="0" coveredmethods="0"/>
        <line num="1" count="5" type="stmt"/>
        <line num="2" count="5" type="stmt"/>
        <line num="3" count="5" type="stmt"/>
        <line num="4" count="5" type="stmt"/>
        <line num="5" count="5" type="stmt"/>
        <line num="6" count="5" type="stmt"/>
        <line num="7" count="5" type="stmt"/>
      </file>
      <file name="PeriodValidator.ts" path="/home/wesleysantos/Área de Trabalho/scripts/cubos-challenge-clean-arch/src/utils/PeriodValidator.ts">
        <metrics statements="9" coveredstatements="9" conditionals="3" coveredconditionals="3" methods="3" coveredmethods="3"/>
        <line num="2" count="5" type="stmt"/>
        <line num="4" count="5" type="stmt"/>
        <line num="7" count="7" type="cond" truecount="3" falsecount="0"/>
        <line num="8" count="6" type="stmt"/>
        <line num="9" count="6" type="stmt"/>
        <line num="10" count="6" type="stmt"/>
        <line num="14" count="13" type="stmt"/>
        <line num="15" count="13" type="stmt"/>
        <line num="19" count="5" type="stmt"/>
      </file>
    </package>
  </project>
</coverage>
