{"/home/wesleysantos/Área de Trabalho/scripts/cubos-challenge-clean-arch/src/domain/DailySchedule.ts": {"path":"/home/wesleysantos/Área de Trabalho/scripts/cubos-challenge-clean-arch/src/domain/DailySchedule.ts","statementMap":{"0":{"start":{"line":4,"column":0},"end":{"line":4,"column":34}},"1":{"start":{"line":7,"column":25},"end":{"line":7,"column":39}},"2":{"start":{"line":7,"column":50},"end":{"line":7,"column":71}},"3":{"start":{"line":8,"column":8},"end":{"line":8,"column":95}},"4":{"start":{"line":8,"column":30},"end":{"line":8,"column":95}},"5":{"start":{"line":12,"column":26},"end":{"line":12,"column":54}},"6":{"start":{"line":13,"column":24},"end":{"line":13,"column":50}},"7":{"start":{"line":14,"column":21},"end":{"line":14,"column":52}},"8":{"start":{"line":15,"column":30},"end":{"line":15,"column":32}},"9":{"start":{"line":16,"column":8},"end":{"line":21,"column":null}},"10":{"start":{"line":16,"column":21},"end":{"line":16,"column":22}},"11":{"start":{"line":17,"column":12},"end":{"line":20,"column":15}},"12":{"start":{"line":19,"column":59},"end":{"line":19,"column":111}},"13":{"start":{"line":22,"column":8},"end":{"line":22,"column":21}},"14":{"start":{"line":6,"column":0},"end":{"line":6,"column":21}}},"fnMap":{"0":{"name":"(anonymous_1)","decl":{"start":{"line":7,"column":4},"end":{"line":7,"column":25}},"loc":{"start":{"line":7,"column":71},"end":{"line":9,"column":5}}},"1":{"name":"(anonymous_2)","decl":{"start":{"line":11,"column":4},"end":{"line":11,"column":12}},"loc":{"start":{"line":11,"column":12},"end":{"line":23,"column":5}}},"2":{"name":"(anonymous_3)","decl":{"start":{"line":19,"column":46},"end":{"line":19,"column":54}},"loc":{"start":{"line":19,"column":59},"end":{"line":19,"column":111}}}},"branchMap":{"0":{"loc":{"start":{"line":8,"column":8},"end":{"line":8,"column":95}},"type":"if","locations":[{"start":{"line":8,"column":8},"end":{"line":8,"column":95}}]},"1":{"loc":{"start":{"line":18,"column":21},"end":{"line":18,"column":144}},"type":"cond-expr","locations":[{"start":{"line":18,"column":29},"end":{"line":18,"column":92}},{"start":{"line":18,"column":95},"end":{"line":18,"column":144}}]}},"s":{"0":1,"1":2,"2":2,"3":2,"4":1,"5":1,"6":1,"7":1,"8":1,"9":1,"10":1,"11":2,"12":4,"13":1,"14":1},"f":{"0":2,"1":1,"2":4},"b":{"0":[1],"1":[1,1]}}
,"/home/wesleysantos/Área de Trabalho/scripts/cubos-challenge-clean-arch/src/domain/Interval.ts": {"path":"/home/wesleysantos/Área de Trabalho/scripts/cubos-challenge-clean-arch/src/domain/Interval.ts","statementMap":{"0":{"start":{"line":1,"column":0},"end":{"line":1,"column":55}},"1":{"start":{"line":7,"column":25},"end":{"line":7,"column":42}},"2":{"start":{"line":7,"column":53},"end":{"line":7,"column":68}},"3":{"start":{"line":8,"column":8},"end":{"line":8,"column":47}},"4":{"start":{"line":9,"column":8},"end":{"line":9,"column":105}},"5":{"start":{"line":9,"column":66},"end":{"line":9,"column":105}},"6":{"start":{"line":4,"column":0},"end":{"line":4,"column":21}}},"fnMap":{"0":{"name":"(anonymous_1)","decl":{"start":{"line":7,"column":4},"end":{"line":7,"column":25}},"loc":{"start":{"line":7,"column":68},"end":{"line":10,"column":5}}}},"branchMap":{"0":{"loc":{"start":{"line":9,"column":8},"end":{"line":9,"column":105}},"type":"if","locations":[{"start":{"line":9,"column":8},"end":{"line":9,"column":105}}]}},"s":{"0":3,"1":5,"2":5,"3":5,"4":5,"5":1,"6":3},"f":{"0":5},"b":{"0":[1]}}
,"/home/wesleysantos/Área de Trabalho/scripts/cubos-challenge-clean-arch/src/domain/Period.ts": {"path":"/home/wesleysantos/Área de Trabalho/scripts/cubos-challenge-clean-arch/src/domain/Period.ts","statementMap":{"0":{"start":{"line":1,"column":0},"end":{"line":1,"column":55}},"1":{"start":{"line":7,"column":25},"end":{"line":7,"column":40}},"2":{"start":{"line":7,"column":51},"end":{"line":7,"column":64}},"3":{"start":{"line":8,"column":8},"end":{"line":8,"column":47}},"4":{"start":{"line":9,"column":8},"end":{"line":9,"column":105}},"5":{"start":{"line":9,"column":66},"end":{"line":9,"column":105}},"6":{"start":{"line":4,"column":0},"end":{"line":4,"column":21}}},"fnMap":{"0":{"name":"(anonymous_1)","decl":{"start":{"line":7,"column":4},"end":{"line":7,"column":25}},"loc":{"start":{"line":7,"column":64},"end":{"line":10,"column":5}}}},"branchMap":{"0":{"loc":{"start":{"line":9,"column":8},"end":{"line":9,"column":105}},"type":"if","locations":[{"start":{"line":9,"column":8},"end":{"line":9,"column":105}}]}},"s":{"0":2,"1":4,"2":4,"3":4,"4":4,"5":1,"6":2},"f":{"0":4},"b":{"0":[1]}}
,"/home/wesleysantos/Área de Trabalho/scripts/cubos-challenge-clean-arch/src/domain/Schedule.ts": {"path":"/home/wesleysantos/Área de Trabalho/scripts/cubos-challenge-clean-arch/src/domain/Schedule.ts","statementMap":{"0":{"start":{"line":5,"column":0},"end":{"line":5,"column":21}}},"fnMap":{"0":{"name":"(anonymous_0)","decl":{"start":{"line":6,"column":4},"end":{"line":6,"column":18}},"loc":{"start":{"line":6,"column":4},"end":{"line":6,"column":19}}}},"branchMap":{},"s":{"0":1},"f":{"0":1},"b":{}}
,"/home/wesleysantos/Área de Trabalho/scripts/cubos-challenge-clean-arch/src/domain/SingleDaySchedule.ts": {"path":"/home/wesleysantos/Área de Trabalho/scripts/cubos-challenge-clean-arch/src/domain/SingleDaySchedule.ts","statementMap":{"0":{"start":{"line":3,"column":0},"end":{"line":3,"column":34}},"1":{"start":{"line":6,"column":25},"end":{"line":6,"column":41}},"2":{"start":{"line":6,"column":52},"end":{"line":6,"column":73}},"3":{"start":{"line":9,"column":20},"end":{"line":9,"column":63}},"4":{"start":{"line":10,"column":26},"end":{"line":13,"column":10}},"5":{"start":{"line":14,"column":8},"end":{"line":16,"column":11}},"6":{"start":{"line":15,"column":12},"end":{"line":15,"column":86}},"7":{"start":{"line":18,"column":8},"end":{"line":18,"column":22}},"8":{"start":{"line":5,"column":0},"end":{"line":5,"column":21}}},"fnMap":{"0":{"name":"(anonymous_1)","decl":{"start":{"line":6,"column":4},"end":{"line":6,"column":25}},"loc":{"start":{"line":6,"column":73},"end":{"line":6,"column":76}}},"1":{"name":"(anonymous_2)","decl":{"start":{"line":8,"column":4},"end":{"line":8,"column":12}},"loc":{"start":{"line":8,"column":12},"end":{"line":19,"column":5}}},"2":{"name":"(anonymous_3)","decl":{"start":{"line":14,"column":31},"end":{"line":14,"column":39}},"loc":{"start":{"line":14,"column":42},"end":{"line":16,"column":9}}}},"branchMap":{},"s":{"0":1,"1":1,"2":1,"3":1,"4":1,"5":1,"6":1,"7":1,"8":1},"f":{"0":1,"1":1,"2":1},"b":{}}
,"/home/wesleysantos/Área de Trabalho/scripts/cubos-challenge-clean-arch/src/utils/Days.ts": {"path":"/home/wesleysantos/Área de Trabalho/scripts/cubos-challenge-clean-arch/src/utils/Days.ts","statementMap":{"0":{"start":{"line":1,"column":0},"end":{"line":1,"column":26}},"1":{"start":{"line":2,"column":0},"end":{"line":2,"column":45}},"2":{"start":{"line":3,"column":0},"end":{"line":3,"column":35}},"3":{"start":{"line":4,"column":0},"end":{"line":4,"column":18}},"4":{"start":{"line":5,"column":0},"end":{"line":5,"column":23}},"5":{"start":{"line":6,"column":0},"end":{"line":6,"column":41}},"6":{"start":{"line":7,"column":0},"end":{"line":7,"column":21}}},"fnMap":{},"branchMap":{},"s":{"0":5,"1":5,"2":5,"3":5,"4":5,"5":5,"6":5},"f":{},"b":{}}
,"/home/wesleysantos/Área de Trabalho/scripts/cubos-challenge-clean-arch/src/utils/PeriodValidator.ts": {"path":"/home/wesleysantos/Área de Trabalho/scripts/cubos-challenge-clean-arch/src/utils/PeriodValidator.ts","statementMap":{"0":{"start":{"line":2,"column":0},"end":{"line":2,"column":27}},"1":{"start":{"line":7,"column":8},"end":{"line":7,"column":123}},"2":{"start":{"line":7,"column":84},"end":{"line":7,"column":123}},"3":{"start":{"line":8,"column":30},"end":{"line":8,"column":84}},"4":{"start":{"line":9,"column":30},"end":{"line":9,"column":82}},"5":{"start":{"line":10,"column":8},"end":{"line":10,"column":38}},"6":{"start":{"line":14,"column":20},"end":{"line":14,"column":60}},"7":{"start":{"line":15,"column":8},"end":{"line":15,"column":null}},"8":{"start":{"line":19,"column":8},"end":{"line":19,"column":55}},"9":{"start":{"line":4,"column":0},"end":{"line":4,"column":21}}},"fnMap":{"0":{"name":"(anonymous_1)","decl":{"start":{"line":6,"column":4},"end":{"line":6,"column":21}},"loc":{"start":{"line":6,"column":56},"end":{"line":11,"column":5}}},"1":{"name":"(anonymous_2)","decl":{"start":{"line":13,"column":12},"end":{"line":13,"column":29}},"loc":{"start":{"line":13,"column":42},"end":{"line":16,"column":5}}},"2":{"name":"(anonymous_3)","decl":{"start":{"line":18,"column":4},"end":{"line":18,"column":21}},"loc":{"start":{"line":18,"column":52},"end":{"line":20,"column":5}}}},"branchMap":{"0":{"loc":{"start":{"line":7,"column":8},"end":{"line":7,"column":123}},"type":"if","locations":[{"start":{"line":7,"column":8},"end":{"line":7,"column":123}}]},"1":{"loc":{"start":{"line":7,"column":12},"end":{"line":7,"column":82}},"type":"binary-expr","locations":[{"start":{"line":7,"column":12},"end":{"line":7,"column":46}},{"start":{"line":7,"column":50},"end":{"line":7,"column":82}}]}},"s":{"0":5,"1":7,"2":1,"3":6,"4":6,"5":6,"6":13,"7":13,"8":5,"9":5},"f":{"0":7,"1":13,"2":5},"b":{"0":[1],"1":[7,6]}}
}
