TN:
SF:src/domain/DailySchedule.ts
FN:7,(anonymous_1)
FN:11,(anonymous_2)
FN:19,(anonymous_3)
FNF:3
FNH:3
FNDA:2,(anonymous_1)
FNDA:1,(anonymous_2)
FNDA:4,(anonymous_3)
DA:4,1
DA:6,1
DA:7,2
DA:8,2
DA:12,1
DA:13,1
DA:14,1
DA:15,1
DA:16,1
DA:17,2
DA:19,4
DA:22,1
LF:12
LH:12
BRDA:8,0,0,1
BRDA:18,1,0,1
BRDA:18,1,1,1
BRF:3
BRH:3
end_of_record
TN:
SF:src/domain/Interval.ts
FN:7,(anonymous_1)
FNF:1
FNH:1
FNDA:5,(anonymous_1)
DA:1,3
DA:4,3
DA:7,5
DA:8,5
DA:9,5
LF:5
LH:5
BRDA:9,0,0,1
BRF:1
BRH:1
end_of_record
TN:
SF:src/domain/Period.ts
FN:7,(anonymous_1)
FNF:1
FNH:1
FNDA:4,(anonymous_1)
DA:1,2
DA:4,2
DA:7,4
DA:8,4
DA:9,4
LF:5
LH:5
BRDA:9,0,0,1
BRF:1
BRH:1
end_of_record
TN:
SF:src/domain/Schedule.ts
FN:6,(anonymous_0)
FNF:1
FNH:1
FNDA:1,(anonymous_0)
DA:5,1
LF:1
LH:1
BRF:0
BRH:0
end_of_record
TN:
SF:src/domain/SingleDaySchedule.ts
FN:6,(anonymous_1)
FN:8,(anonymous_2)
FN:14,(anonymous_3)
FNF:3
FNH:3
FNDA:1,(anonymous_1)
FNDA:1,(anonymous_2)
FNDA:1,(anonymous_3)
DA:3,1
DA:5,1
DA:6,1
DA:9,1
DA:10,1
DA:14,1
DA:15,1
DA:18,1
LF:8
LH:8
BRF:0
BRH:0
end_of_record
TN:
SF:src/utils/Days.ts
FNF:0
FNH:0
DA:1,5
DA:2,5
DA:3,5
DA:4,5
DA:5,5
DA:6,5
DA:7,5
LF:7
LH:7
BRF:0
BRH:0
end_of_record
TN:
SF:src/utils/PeriodValidator.ts
FN:6,(anonymous_1)
FN:13,(anonymous_2)
FN:18,(anonymous_3)
FNF:3
FNH:3
FNDA:7,(anonymous_1)
FNDA:13,(anonymous_2)
FNDA:5,(anonymous_3)
DA:2,5
DA:4,5
DA:7,7
DA:8,6
DA:9,6
DA:10,6
DA:14,13
DA:15,13
DA:19,5
LF:9
LH:9
BRDA:7,0,0,1
BRDA:7,1,0,7
BRDA:7,1,1,6
BRF:3
BRH:3
end_of_record
